20150908 17:21:15.396 [Timer-1] ERROR net.liuxuan.THanalyzer.THAnalyzer - ERROR:{}
java.sql.SQLException: database connection closed
	at org.sqlite.core.CoreConnection.checkOpen(CoreConnection.java:336) ~[sqlite-jdbc-3.8.11.1.jar:na]
	at org.sqlite.jdbc4.JDBC4Connection.createStatement(JDBC4Connection.java:37) ~[sqlite-jdbc-3.8.11.1.jar:na]
	at org.sqlite.jdbc3.JDBC3Connection.createStatement(JDBC3Connection.java:184) ~[sqlite-jdbc-3.8.11.1.jar:na]
	at net.liuxuan.THanalyzer.THAnalyzer.SaveTempValueLog(THAnalyzer.java:559) [classes/:na]
	at net.liuxuan.THanalyzer.THAnalyzer.parseTempValue(THAnalyzer.java:530) [classes/:na]
	at net.liuxuan.THanalyzer.THAnalyzer.readInputRegistersTest(THAnalyzer.java:602) [classes/:na]
	at net.liuxuan.THanalyzer.THAnalyzer.access$1100(THAnalyzer.java:39) [classes/:na]
	at net.liuxuan.THanalyzer.THAnalyzer$11.run(THAnalyzer.java:448) [classes/:na]
	at java.util.TimerThread.mainLoop(Timer.java:555) [na:1.7.0_80-ea]
	at java.util.TimerThread.run(Timer.java:505) [na:1.7.0_80-ea]
20150908 17:21:20.008 [Timer-1] ERROR net.liuxuan.THanalyzer.THAnalyzer - ERROR:{}
java.sql.SQLException: database connection closed
	at org.sqlite.core.CoreConnection.checkOpen(CoreConnection.java:336) ~[sqlite-jdbc-3.8.11.1.jar:na]
	at org.sqlite.jdbc4.JDBC4Connection.createStatement(JDBC4Connection.java:37) ~[sqlite-jdbc-3.8.11.1.jar:na]
	at org.sqlite.jdbc3.JDBC3Connection.createStatement(JDBC3Connection.java:184) ~[sqlite-jdbc-3.8.11.1.jar:na]
	at net.liuxuan.THanalyzer.THAnalyzer.SaveTempValueLog(THAnalyzer.java:559) [classes/:na]
	at net.liuxuan.THanalyzer.THAnalyzer.parseTempValue(THAnalyzer.java:530) [classes/:na]
	at net.liuxuan.THanalyzer.THAnalyzer.readInputRegistersTest(THAnalyzer.java:602) [classes/:na]
	at net.liuxuan.THanalyzer.THAnalyzer.access$1100(THAnalyzer.java:39) [classes/:na]
	at net.liuxuan.THanalyzer.THAnalyzer$11.run(THAnalyzer.java:448) [classes/:na]
	at java.util.TimerThread.mainLoop(Timer.java:555) [na:1.7.0_80-ea]
	at java.util.TimerThread.run(Timer.java:505) [na:1.7.0_80-ea]
20150908 17:21:25.058 [Timer-1] ERROR net.liuxuan.THanalyzer.THAnalyzer - ERROR:{}
java.sql.SQLException: database connection closed
	at org.sqlite.core.CoreConnection.checkOpen(CoreConnection.java:336) ~[sqlite-jdbc-3.8.11.1.jar:na]
	at org.sqlite.jdbc4.JDBC4Connection.createStatement(JDBC4Connection.java:37) ~[sqlite-jdbc-3.8.11.1.jar:na]
	at org.sqlite.jdbc3.JDBC3Connection.createStatement(JDBC3Connection.java:184) ~[sqlite-jdbc-3.8.11.1.jar:na]
	at net.liuxuan.THanalyzer.THAnalyzer.SaveTempValueLog(THAnalyzer.java:559) [classes/:na]
	at net.liuxuan.THanalyzer.THAnalyzer.parseTempValue(THAnalyzer.java:530) [classes/:na]
	at net.liuxuan.THanalyzer.THAnalyzer.readInputRegistersTest(THAnalyzer.java:602) [classes/:na]
	at net.liuxuan.THanalyzer.THAnalyzer.access$1100(THAnalyzer.java:39) [classes/:na]
	at net.liuxuan.THanalyzer.THAnalyzer$11.run(THAnalyzer.java:448) [classes/:na]
	at java.util.TimerThread.mainLoop(Timer.java:555) [na:1.7.0_80-ea]
	at java.util.TimerThread.run(Timer.java:505) [na:1.7.0_80-ea]
20150908 17:21:30.111 [Timer-1] ERROR net.liuxuan.THanalyzer.THAnalyzer - ERROR:{}
java.sql.SQLException: database connection closed
	at org.sqlite.core.CoreConnection.checkOpen(CoreConnection.java:336) ~[sqlite-jdbc-3.8.11.1.jar:na]
	at org.sqlite.jdbc4.JDBC4Connection.createStatement(JDBC4Connection.java:37) ~[sqlite-jdbc-3.8.11.1.jar:na]
	at org.sqlite.jdbc3.JDBC3Connection.createStatement(JDBC3Connection.java:184) ~[sqlite-jdbc-3.8.11.1.jar:na]
	at net.liuxuan.THanalyzer.THAnalyzer.SaveTempValueLog(THAnalyzer.java:559) [classes/:na]
	at net.liuxuan.THanalyzer.THAnalyzer.parseTempValue(THAnalyzer.java:530) [classes/:na]
	at net.liuxuan.THanalyzer.THAnalyzer.readInputRegistersTest(THAnalyzer.java:602) [classes/:na]
	at net.liuxuan.THanalyzer.THAnalyzer.access$1100(THAnalyzer.java:39) [classes/:na]
	at net.liuxuan.THanalyzer.THAnalyzer$11.run(THAnalyzer.java:448) [classes/:na]
	at java.util.TimerThread.mainLoop(Timer.java:555) [na:1.7.0_80-ea]
	at java.util.TimerThread.run(Timer.java:505) [na:1.7.0_80-ea]
20150908 17:21:35.163 [Timer-1] ERROR net.liuxuan.THanalyzer.THAnalyzer - ERROR:{}
java.sql.SQLException: database connection closed
	at org.sqlite.core.CoreConnection.checkOpen(CoreConnection.java:336) ~[sqlite-jdbc-3.8.11.1.jar:na]
	at org.sqlite.jdbc4.JDBC4Connection.createStatement(JDBC4Connection.java:37) ~[sqlite-jdbc-3.8.11.1.jar:na]
	at org.sqlite.jdbc3.JDBC3Connection.createStatement(JDBC3Connection.java:184) ~[sqlite-jdbc-3.8.11.1.jar:na]
	at net.liuxuan.THanalyzer.THAnalyzer.SaveTempValueLog(THAnalyzer.java:559) [classes/:na]
	at net.liuxuan.THanalyzer.THAnalyzer.parseTempValue(THAnalyzer.java:530) [classes/:na]
	at net.liuxuan.THanalyzer.THAnalyzer.readInputRegistersTest(THAnalyzer.java:602) [classes/:na]
	at net.liuxuan.THanalyzer.THAnalyzer.access$1100(THAnalyzer.java:39) [classes/:na]
	at net.liuxuan.THanalyzer.THAnalyzer$11.run(THAnalyzer.java:448) [classes/:na]
	at java.util.TimerThread.mainLoop(Timer.java:555) [na:1.7.0_80-ea]
	at java.util.TimerThread.run(Timer.java:505) [na:1.7.0_80-ea]
20150908 17:21:40.164 [Timer-1] ERROR net.liuxuan.THanalyzer.THAnalyzer - ERROR:{}
java.sql.SQLException: database connection closed
	at org.sqlite.core.CoreConnection.checkOpen(CoreConnection.java:336) ~[sqlite-jdbc-3.8.11.1.jar:na]
	at org.sqlite.jdbc4.JDBC4Connection.createStatement(JDBC4Connection.java:37) ~[sqlite-jdbc-3.8.11.1.jar:na]
	at org.sqlite.jdbc3.JDBC3Connection.createStatement(JDBC3Connection.java:184) ~[sqlite-jdbc-3.8.11.1.jar:na]
	at net.liuxuan.THanalyzer.THAnalyzer.SaveTempValueLog(THAnalyzer.java:559) [classes/:na]
	at net.liuxuan.THanalyzer.THAnalyzer.parseTempValue(THAnalyzer.java:530) [classes/:na]
	at net.liuxuan.THanalyzer.THAnalyzer.readInputRegistersTest(THAnalyzer.java:602) [classes/:na]
	at net.liuxuan.THanalyzer.THAnalyzer.access$1100(THAnalyzer.java:39) [classes/:na]
	at net.liuxuan.THanalyzer.THAnalyzer$11.run(THAnalyzer.java:448) [classes/:na]
	at java.util.TimerThread.mainLoop(Timer.java:555) [na:1.7.0_80-ea]
	at java.util.TimerThread.run(Timer.java:505) [na:1.7.0_80-ea]
20150908 17:21:45.214 [Timer-1] ERROR net.liuxuan.THanalyzer.THAnalyzer - ERROR:{}
java.sql.SQLException: database connection closed
	at org.sqlite.core.CoreConnection.checkOpen(CoreConnection.java:336) ~[sqlite-jdbc-3.8.11.1.jar:na]
	at org.sqlite.jdbc4.JDBC4Connection.createStatement(JDBC4Connection.java:37) ~[sqlite-jdbc-3.8.11.1.jar:na]
	at org.sqlite.jdbc3.JDBC3Connection.createStatement(JDBC3Connection.java:184) ~[sqlite-jdbc-3.8.11.1.jar:na]
	at net.liuxuan.THanalyzer.THAnalyzer.SaveTempValueLog(THAnalyzer.java:559) [classes/:na]
	at net.liuxuan.THanalyzer.THAnalyzer.parseTempValue(THAnalyzer.java:530) [classes/:na]
	at net.liuxuan.THanalyzer.THAnalyzer.readInputRegistersTest(THAnalyzer.java:602) [classes/:na]
	at net.liuxuan.THanalyzer.THAnalyzer.access$1100(THAnalyzer.java:39) [classes/:na]
	at net.liuxuan.THanalyzer.THAnalyzer$11.run(THAnalyzer.java:448) [classes/:na]
	at java.util.TimerThread.mainLoop(Timer.java:555) [na:1.7.0_80-ea]
	at java.util.TimerThread.run(Timer.java:505) [na:1.7.0_80-ea]
20150908 17:21:50.265 [Timer-1] ERROR net.liuxuan.THanalyzer.THAnalyzer - ERROR:{}
java.sql.SQLException: database connection closed
	at org.sqlite.core.CoreConnection.checkOpen(CoreConnection.java:336) ~[sqlite-jdbc-3.8.11.1.jar:na]
	at org.sqlite.jdbc4.JDBC4Connection.createStatement(JDBC4Connection.java:37) ~[sqlite-jdbc-3.8.11.1.jar:na]
	at org.sqlite.jdbc3.JDBC3Connection.createStatement(JDBC3Connection.java:184) ~[sqlite-jdbc-3.8.11.1.jar:na]
	at net.liuxuan.THanalyzer.THAnalyzer.SaveTempValueLog(THAnalyzer.java:559) [classes/:na]
	at net.liuxuan.THanalyzer.THAnalyzer.parseTempValue(THAnalyzer.java:530) [classes/:na]
	at net.liuxuan.THanalyzer.THAnalyzer.readInputRegistersTest(THAnalyzer.java:602) [classes/:na]
	at net.liuxuan.THanalyzer.THAnalyzer.access$1100(THAnalyzer.java:39) [classes/:na]
	at net.liuxuan.THanalyzer.THAnalyzer$11.run(THAnalyzer.java:448) [classes/:na]
	at java.util.TimerThread.mainLoop(Timer.java:555) [na:1.7.0_80-ea]
	at java.util.TimerThread.run(Timer.java:505) [na:1.7.0_80-ea]
20150908 17:21:55.365 [Timer-1] ERROR net.liuxuan.THanalyzer.THAnalyzer - ERROR:{}
java.sql.SQLException: database connection closed
	at org.sqlite.core.CoreConnection.checkOpen(CoreConnection.java:336) ~[sqlite-jdbc-3.8.11.1.jar:na]
	at org.sqlite.jdbc4.JDBC4Connection.createStatement(JDBC4Connection.java:37) ~[sqlite-jdbc-3.8.11.1.jar:na]
	at org.sqlite.jdbc3.JDBC3Connection.createStatement(JDBC3Connection.java:184) ~[sqlite-jdbc-3.8.11.1.jar:na]
	at net.liuxuan.THanalyzer.THAnalyzer.SaveTempValueLog(THAnalyzer.java:559) [classes/:na]
	at net.liuxuan.THanalyzer.THAnalyzer.parseTempValue(THAnalyzer.java:530) [classes/:na]
	at net.liuxuan.THanalyzer.THAnalyzer.readInputRegistersTest(THAnalyzer.java:602) [classes/:na]
	at net.liuxuan.THanalyzer.THAnalyzer.access$1100(THAnalyzer.java:39) [classes/:na]
	at net.liuxuan.THanalyzer.THAnalyzer$11.run(THAnalyzer.java:448) [classes/:na]
	at java.util.TimerThread.mainLoop(Timer.java:555) [na:1.7.0_80-ea]
	at java.util.TimerThread.run(Timer.java:505) [na:1.7.0_80-ea]
20150908 17:22:00.365 [Timer-1] ERROR net.liuxuan.THanalyzer.THAnalyzer - ERROR:{}
java.sql.SQLException: database connection closed
	at org.sqlite.core.CoreConnection.checkOpen(CoreConnection.java:336) ~[sqlite-jdbc-3.8.11.1.jar:na]
	at org.sqlite.jdbc4.JDBC4Connection.createStatement(JDBC4Connection.java:37) ~[sqlite-jdbc-3.8.11.1.jar:na]
	at org.sqlite.jdbc3.JDBC3Connection.createStatement(JDBC3Connection.java:184) ~[sqlite-jdbc-3.8.11.1.jar:na]
	at net.liuxuan.THanalyzer.THAnalyzer.SaveTempValueLog(THAnalyzer.java:559) [classes/:na]
	at net.liuxuan.THanalyzer.THAnalyzer.parseTempValue(THAnalyzer.java:530) [classes/:na]
	at net.liuxuan.THanalyzer.THAnalyzer.readInputRegistersTest(THAnalyzer.java:602) [classes/:na]
	at net.liuxuan.THanalyzer.THAnalyzer.access$1100(THAnalyzer.java:39) [classes/:na]
	at net.liuxuan.THanalyzer.THAnalyzer$11.run(THAnalyzer.java:448) [classes/:na]
	at java.util.TimerThread.mainLoop(Timer.java:555) [na:1.7.0_80-ea]
	at java.util.TimerThread.run(Timer.java:505) [na:1.7.0_80-ea]
20150908 17:23:19.265 [Timer-1] ERROR net.liuxuan.THanalyzer.THAnalyzer - ERROR:{}
java.sql.SQLException: near "'5544'": syntax error
	at org.sqlite.core.NativeDB.throwex(NativeDB.java:397) ~[sqlite-jdbc-3.8.11.1.jar:na]
	at org.sqlite.core.NativeDB._exec(Native Method) ~[sqlite-jdbc-3.8.11.1.jar:na]
	at org.sqlite.jdbc3.JDBC3Statement.executeUpdate(JDBC3Statement.java:116) ~[sqlite-jdbc-3.8.11.1.jar:na]
	at net.liuxuan.THanalyzer.THAnalyzer.SaveTempValueLog(THAnalyzer.java:561) [classes/:na]
	at net.liuxuan.THanalyzer.THAnalyzer.parseTempValue(THAnalyzer.java:530) [classes/:na]
	at net.liuxuan.THanalyzer.THAnalyzer.readInputRegistersTest(THAnalyzer.java:603) [classes/:na]
	at net.liuxuan.THanalyzer.THAnalyzer.access$1100(THAnalyzer.java:39) [classes/:na]
	at net.liuxuan.THanalyzer.THAnalyzer$11.run(THAnalyzer.java:448) [classes/:na]
	at java.util.TimerThread.mainLoop(Timer.java:555) [na:1.7.0_80-ea]
	at java.util.TimerThread.run(Timer.java:505) [na:1.7.0_80-ea]
20150908 17:23:24.201 [Timer-1] ERROR net.liuxuan.THanalyzer.THAnalyzer - ERROR:{}
java.sql.SQLException: near "'5544'": syntax error
	at org.sqlite.core.NativeDB.throwex(NativeDB.java:397) ~[sqlite-jdbc-3.8.11.1.jar:na]
	at org.sqlite.core.NativeDB._exec(Native Method) ~[sqlite-jdbc-3.8.11.1.jar:na]
	at org.sqlite.jdbc3.JDBC3Statement.executeUpdate(JDBC3Statement.java:116) ~[sqlite-jdbc-3.8.11.1.jar:na]
	at net.liuxuan.THanalyzer.THAnalyzer.SaveTempValueLog(THAnalyzer.java:561) [classes/:na]
	at net.liuxuan.THanalyzer.THAnalyzer.parseTempValue(THAnalyzer.java:530) [classes/:na]
	at net.liuxuan.THanalyzer.THAnalyzer.readInputRegistersTest(THAnalyzer.java:603) [classes/:na]
	at net.liuxuan.THanalyzer.THAnalyzer.access$1100(THAnalyzer.java:39) [classes/:na]
	at net.liuxuan.THanalyzer.THAnalyzer$11.run(THAnalyzer.java:448) [classes/:na]
	at java.util.TimerThread.mainLoop(Timer.java:555) [na:1.7.0_80-ea]
	at java.util.TimerThread.run(Timer.java:505) [na:1.7.0_80-ea]
20150908 17:23:29.254 [Timer-1] ERROR net.liuxuan.THanalyzer.THAnalyzer - ERROR:{}
java.sql.SQLException: near "'5544'": syntax error
	at org.sqlite.core.NativeDB.throwex(NativeDB.java:397) ~[sqlite-jdbc-3.8.11.1.jar:na]
	at org.sqlite.core.NativeDB._exec(Native Method) ~[sqlite-jdbc-3.8.11.1.jar:na]
	at org.sqlite.jdbc3.JDBC3Statement.executeUpdate(JDBC3Statement.java:116) ~[sqlite-jdbc-3.8.11.1.jar:na]
	at net.liuxuan.THanalyzer.THAnalyzer.SaveTempValueLog(THAnalyzer.java:561) [classes/:na]
	at net.liuxuan.THanalyzer.THAnalyzer.parseTempValue(THAnalyzer.java:530) [classes/:na]
	at net.liuxuan.THanalyzer.THAnalyzer.readInputRegistersTest(THAnalyzer.java:603) [classes/:na]
	at net.liuxuan.THanalyzer.THAnalyzer.access$1100(THAnalyzer.java:39) [classes/:na]
	at net.liuxuan.THanalyzer.THAnalyzer$11.run(THAnalyzer.java:448) [classes/:na]
	at java.util.TimerThread.mainLoop(Timer.java:555) [na:1.7.0_80-ea]
	at java.util.TimerThread.run(Timer.java:505) [na:1.7.0_80-ea]
20150908 17:23:34.305 [Timer-1] ERROR net.liuxuan.THanalyzer.THAnalyzer - ERROR:{}
java.sql.SQLException: near "'5544'": syntax error
	at org.sqlite.core.NativeDB.throwex(NativeDB.java:397) ~[sqlite-jdbc-3.8.11.1.jar:na]
	at org.sqlite.core.NativeDB._exec(Native Method) ~[sqlite-jdbc-3.8.11.1.jar:na]
	at org.sqlite.jdbc3.JDBC3Statement.executeUpdate(JDBC3Statement.java:116) ~[sqlite-jdbc-3.8.11.1.jar:na]
	at net.liuxuan.THanalyzer.THAnalyzer.SaveTempValueLog(THAnalyzer.java:561) [classes/:na]
	at net.liuxuan.THanalyzer.THAnalyzer.parseTempValue(THAnalyzer.java:530) [classes/:na]
	at net.liuxuan.THanalyzer.THAnalyzer.readInputRegistersTest(THAnalyzer.java:603) [classes/:na]
	at net.liuxuan.THanalyzer.THAnalyzer.access$1100(THAnalyzer.java:39) [classes/:na]
	at net.liuxuan.THanalyzer.THAnalyzer$11.run(THAnalyzer.java:448) [classes/:na]
	at java.util.TimerThread.mainLoop(Timer.java:555) [na:1.7.0_80-ea]
	at java.util.TimerThread.run(Timer.java:505) [na:1.7.0_80-ea]
